<?xml version="1.0" encoding="UTF-8"?>
<TestRun id="94b19c50-08ed-443c-a2c2-6b42257c4832" name="nickh@CHANGE-L0231 2009-07-28 22:34:15" runUser="CHANGE\nickh" xmlns="http://microsoft.com/schemas/VisualStudio/TeamTest/2006">
  <TestRunConfiguration name="Local Test Run" id="990d52ff-4ff7-43d3-ad1d-c0cb25c2b396">
    <Description>This is a default test run configuration for a local test run.</Description>
    <Deployment runDeploymentRoot="C:\Projects\Paddle\src\TestResults\nickh_CHANGE-L0231 2009-07-28 22_34_15">
      <DeploymentItem filename="C:\Projects\Paddle\src\Paddle\bin\Debug\Paddle.dll" />
    </Deployment>
    <TestTypeSpecific />
  </TestRunConfiguration>
  <ResultSummary outcome="Failed">
    <Counters total="4" executed="4" passed="1" error="0" failed="3" timeout="0" aborted="0" inconclusive="0" passedButRunAborted="0" notRunnable="0" notExecuted="0" disconnected="0" warning="0" completed="0" inProgress="0" pending="0" />
  </ResultSummary>
  <Times creation="2009-07-28T22:34:15.1610000+08:00" queuing="2009-07-28T22:34:17.7800000+08:00" start="2009-07-28T22:34:17.9930000+08:00" finish="2009-07-28T22:34:19.0340000+08:00" />
  <TestDefinitions>
    <UnitTest name="CanPublishSubscribe" storage="c:\projects\paddle\paddle.test\bin\debug\paddle.test.dll" id="bc1a2ae7-5d58-4235-5dc3-8d7b7e36fb80">
      <Css projectStructure="" iteration="" />
      <Owners>
        <Owner name="" />
      </Owners>
      <Execution id="53c73fc8-43af-4fd7-b561-bcc44e93713f" />
      <TestMethod codeBase="C:\Projects\Paddle\Paddle.Test\bin\Debug\Paddle.Test.dll" adapterTypeName="Microsoft.VisualStudio.TestTools.TestTypes.Unit.UnitTestAdapter, Microsoft.VisualStudio.QualityTools.Tips.UnitTest.Adapter, Version=9.0.0.0, Culture=neutral, PublicKeyToken=b03f5f7f11d50a3a" className="Paddle.BusTest, Paddle.Test" name="CanPublishSubscribe" />
    </UnitTest>
    <UnitTest name="CannotUnsubscribeFromWithinPublish" storage="c:\projects\paddle\paddle.test\bin\debug\paddle.test.dll" id="8444c13e-e90d-3e2b-618f-75773a62405d">
      <Css projectStructure="" iteration="" />
      <Owners>
        <Owner name="" />
      </Owners>
      <Execution id="3d4842b4-d884-486e-9fb2-29c598a84531" />
      <TestMethod codeBase="C:\Projects\Paddle\Paddle.Test\bin\Debug\Paddle.Test.dll" adapterTypeName="Microsoft.VisualStudio.TestTools.TestTypes.Unit.UnitTestAdapter, Microsoft.VisualStudio.QualityTools.Tips.UnitTest.Adapter, Version=9.0.0.0, Culture=neutral, PublicKeyToken=b03f5f7f11d50a3a" className="Paddle.BusTest, Paddle.Test" name="CannotUnsubscribeFromWithinPublish" />
    </UnitTest>
    <UnitTest name="CannotSubscribeFromWithinPublish" storage="c:\projects\paddle\paddle.test\bin\debug\paddle.test.dll" id="21593949-431d-b295-d8e8-e11c1b2d7933">
      <Css projectStructure="" iteration="" />
      <Owners>
        <Owner name="" />
      </Owners>
      <Execution id="1f8aabb8-a853-4df7-9628-a530fb5dc716" />
      <TestMethod codeBase="C:\Projects\Paddle\Paddle.Test\bin\Debug\Paddle.Test.dll" adapterTypeName="Microsoft.VisualStudio.TestTools.TestTypes.Unit.UnitTestAdapter, Microsoft.VisualStudio.QualityTools.Tips.UnitTest.Adapter, Version=9.0.0.0, Culture=neutral, PublicKeyToken=b03f5f7f11d50a3a" className="Paddle.BusTest, Paddle.Test" name="CannotSubscribeFromWithinPublish" />
    </UnitTest>
    <UnitTest name="CanUnsubscibe" storage="c:\projects\paddle\paddle.test\bin\debug\paddle.test.dll" id="40ab2078-0261-56e9-5871-30bfe9e8400a">
      <Css projectStructure="" iteration="" />
      <Owners>
        <Owner name="" />
      </Owners>
      <Execution id="d711d5a5-22a4-4581-b2c5-febbd32a54f8" />
      <TestMethod codeBase="C:\Projects\Paddle\Paddle.Test\bin\Debug\Paddle.Test.dll" adapterTypeName="Microsoft.VisualStudio.TestTools.TestTypes.Unit.UnitTestAdapter, Microsoft.VisualStudio.QualityTools.Tips.UnitTest.Adapter, Version=9.0.0.0, Culture=neutral, PublicKeyToken=b03f5f7f11d50a3a" className="Paddle.BusTest, Paddle.Test" name="CanUnsubscibe" />
    </UnitTest>
  </TestDefinitions>
  <TestLists>
    <TestList name="Results Not in a List" id="8c84fa94-04c1-424b-9868-57a2d4851a1d" />
    <TestList name="All Loaded Results" id="19431567-8539-422a-85d7-44ee4e166bda" />
  </TestLists>
  <TestEntries>
    <TestEntry testId="21593949-431d-b295-d8e8-e11c1b2d7933" executionId="1f8aabb8-a853-4df7-9628-a530fb5dc716" testListId="8c84fa94-04c1-424b-9868-57a2d4851a1d" />
    <TestEntry testId="40ab2078-0261-56e9-5871-30bfe9e8400a" executionId="d711d5a5-22a4-4581-b2c5-febbd32a54f8" testListId="8c84fa94-04c1-424b-9868-57a2d4851a1d" />
    <TestEntry testId="8444c13e-e90d-3e2b-618f-75773a62405d" executionId="3d4842b4-d884-486e-9fb2-29c598a84531" testListId="8c84fa94-04c1-424b-9868-57a2d4851a1d" />
    <TestEntry testId="bc1a2ae7-5d58-4235-5dc3-8d7b7e36fb80" executionId="53c73fc8-43af-4fd7-b561-bcc44e93713f" testListId="8c84fa94-04c1-424b-9868-57a2d4851a1d" />
  </TestEntries>
  <Results>
    <UnitTestResult executionId="1f8aabb8-a853-4df7-9628-a530fb5dc716" testId="21593949-431d-b295-d8e8-e11c1b2d7933" testName="CannotSubscribeFromWithinPublish" computerName="CHANGE-L0231" duration="00:00:00.1781827" startTime="2009-07-28T22:34:18.0790000+08:00" endTime="2009-07-28T22:34:18.8580000+08:00" testType="13cdc9d9-ddb5-4fa4-a97d-d965ccfc6d4b" outcome="Passed" testListId="8c84fa94-04c1-424b-9868-57a2d4851a1d">
      <Output>
        <StdOut>Dog</StdOut>
      </Output>
    </UnitTestResult>
    <UnitTestResult executionId="d711d5a5-22a4-4581-b2c5-febbd32a54f8" testId="40ab2078-0261-56e9-5871-30bfe9e8400a" testName="CanUnsubscibe" computerName="CHANGE-L0231" duration="00:00:00.0449370" startTime="2009-07-28T22:34:18.8590000+08:00" endTime="2009-07-28T22:34:18.9240000+08:00" testType="13cdc9d9-ddb5-4fa4-a97d-d965ccfc6d4b" outcome="Failed" testListId="8c84fa94-04c1-424b-9868-57a2d4851a1d">
      <Output>
        <ErrorInfo>
          <Message>Test method Paddle.BusTest.CanUnsubscibe threw exception:  System.ArgumentNullException: Value cannot be null..</Message>
          <StackTrace>    at System.Threading.Monitor.Enter(Object obj)
   at Paddle.Scopes.ScopeStack`1.get_Stack() in C:\Projects\Paddle\src\Paddle\Scopes\ScopeStack.cs:line 54
   at Paddle.Scopes.ScopeStack`1.Peek() in C:\Projects\Paddle\src\Paddle\Scopes\ScopeStack.cs:line 88
   at Paddle.Bus.Subscribe[TNotification](Action`2 handler) in C:\Projects\Paddle\src\Paddle\Bus\Bus.cs:line 102
   at Paddle.BusTest.CanUnsubscibe() in C:\Projects\Paddle\Paddle.Test\BusTest.cs:line 101
</StackTrace>
        </ErrorInfo>
      </Output>
    </UnitTestResult>
    <UnitTestResult executionId="3d4842b4-d884-486e-9fb2-29c598a84531" testId="8444c13e-e90d-3e2b-618f-75773a62405d" testName="CannotUnsubscribeFromWithinPublish" computerName="CHANGE-L0231" duration="00:00:00.0061044" startTime="2009-07-28T22:34:18.9240000+08:00" endTime="2009-07-28T22:34:18.9320000+08:00" testType="13cdc9d9-ddb5-4fa4-a97d-d965ccfc6d4b" outcome="Failed" testListId="8c84fa94-04c1-424b-9868-57a2d4851a1d">
      <Output>
        <ErrorInfo>
          <Message>Test method Paddle.BusTest.CannotUnsubscribeFromWithinPublish threw exception System.ArgumentNullException, but exception Paddle.PaddleException was expected. Exception message:  System.ArgumentNullException: Value cannot be null.
Attempting to Unsubscribe from within a Publish will result in a deadlock</Message>
          <StackTrace>    at System.Threading.Monitor.Enter(Object obj)
   at Paddle.Scopes.ScopeStack`1.get_Stack() in C:\Projects\Paddle\src\Paddle\Scopes\ScopeStack.cs:line 54
   at Paddle.Scopes.ScopeStack`1.Peek() in C:\Projects\Paddle\src\Paddle\Scopes\ScopeStack.cs:line 88
   at Paddle.Bus.Subscribe[TNotification](Action`2 handler) in C:\Projects\Paddle\src\Paddle\Bus\Bus.cs:line 102
   at Paddle.BusTest.CannotUnsubscribeFromWithinPublish() in C:\Projects\Paddle\Paddle.Test\BusTest.cs:line 74
</StackTrace>
        </ErrorInfo>
      </Output>
    </UnitTestResult>
    <UnitTestResult executionId="53c73fc8-43af-4fd7-b561-bcc44e93713f" testId="bc1a2ae7-5d58-4235-5dc3-8d7b7e36fb80" testName="CanPublishSubscribe" computerName="CHANGE-L0231" duration="00:00:00.0014180" startTime="2009-07-28T22:34:18.9330000+08:00" endTime="2009-07-28T22:34:18.9450000+08:00" testType="13cdc9d9-ddb5-4fa4-a97d-d965ccfc6d4b" outcome="Failed" testListId="8c84fa94-04c1-424b-9868-57a2d4851a1d">
      <Output>
        <ErrorInfo>
          <Message>Test method Paddle.BusTest.CanPublishSubscribe threw exception:  System.ArgumentNullException: Value cannot be null..</Message>
          <StackTrace>    at System.Threading.Monitor.Enter(Object obj)
   at Paddle.Scopes.ScopeStack`1.get_Stack() in C:\Projects\Paddle\src\Paddle\Scopes\ScopeStack.cs:line 54
   at Paddle.Scopes.ScopeStack`1.Peek() in C:\Projects\Paddle\src\Paddle\Scopes\ScopeStack.cs:line 88
   at Paddle.Bus.Subscribe[TNotification](Action`2 handler) in C:\Projects\Paddle\src\Paddle\Bus\Bus.cs:line 102
   at Paddle.BusTest.CanPublishSubscribe() in C:\Projects\Paddle\Paddle.Test\BusTest.cs:line 23
</StackTrace>
        </ErrorInfo>
      </Output>
    </UnitTestResult>
  </Results>
</TestRun>